{"name": "Проверка создания заказа через кнопку \"Заказать\" в середине страницы", "status": "broken", "statusDetails": {"message": "selenium.common.exceptions.TimeoutException: Message: \nStacktrace:\nRemoteError@chrome://remote/content/shared/RemoteError.sys.mjs:8:8\nWebDriverError@chrome://remote/content/shared/webdriver/Errors.sys.mjs:191:5\nNoSuchElementError@chrome://remote/content/shared/webdriver/Errors.sys.mjs:509:5\ndom.find/</<@chrome://remote/content/shared/DOM.sys.mjs:136:16", "trace": "self = <tests.test_order_page.TestOrderPage object at 0x102654d40>\ndriver = <selenium.webdriver.firefox.webdriver.WebDriver (session=\"fd130e2a-770e-4f1e-bce6-3afcd1b663ed\")>\n\n    @allure.title('Проверка создания заказа через кнопку \"Заказать\" в середине страницы')\n    def test_order_scooter_from_middle_button(self, driver):\n        main_page = MainPage(driver)\n        main_page.accept_cookies(BasePageLocators.COOKIES_BUTTON)\n        main_page.scroll_to_the_element(MainPageLocators.THIRD_PARD_OF_PAGE_LOCATOR)\n        main_page.click_to_element_with_wait(MainPageLocators.ORDER_BUTTON_MIDDLE)\n        order_page = OrderPage(driver)\n>       order_page.set_order(OrderPageLocators.ORDER_PAGE_PERSONAL_DATA_LOCATOR,\n                             OrderPageLocators.NAME_INPUT_LOCATOR, TestData.NAME_2,\n                             OrderPageLocators.LAST_NAME_INPUT_LOCATOR, TestData.LAST_NAME_2,\n                             OrderPageLocators.ADDRESS_INPUT_LOCATOR, TestData.ADDRESS_2,\n                             OrderPageLocators.METRO_STATION_LOCATOR, OrderPageLocators.METRO_STATION_TWO_LOCATOR,\n                             OrderPageLocators.PHONE_NUMBER_LOCATOR, TestData.PHONE_2,\n                             OrderPageLocators.NEXT_BUTTON_LOCATOR,\n                             OrderPageLocators.ORDER_PAGE_RENT_INFO_LOCATOR,\n                             OrderPageLocators.RENT_DATE_LOCATOR, OrderPageLocators.RENT_DAY_AFTER_TOMORROW_LOCATOR,\n                             OrderPageLocators.RENTAL_PERIOD_LOCATOR, OrderPageLocators.RENTAL_PERIOD_THREE_DAYS_LOCATOR,\n                             OrderPageLocators.COLOUR_BLACK_LOCATOR,\n                             OrderPageLocators.COMMENT_INPUT_LOCATOR, TestData.COMMENT_2,\n                             OrderPageLocators.ORDER_BUTTON_FINAL_LOCATOR, OrderPageLocators.CONFIRMATION_FORM_LOCATOR,\n                             OrderPageLocators.CONFIRMATION_BUTTON_LOCATOR)\n\ntests/test_order_page.py:42: \n_ _ _ _ _ _ _ _ _ _ _ _ _ _ _ _ _ _ _ _ _ _ _ _ _ _ _ _ _ _ _ _ _ _ _ _ _ _ _ _ _ _ _ _ _ _ _ _ _ _ _ _ _ _ _ _ _ _ _ _ _ _ _ _ _ _ _ _ _ _ _ _ _ _ _ _ _ _ _ _ _ _ _ \npages/order_page.py:19: in set_order\n    self.click_to_element_with_wait(metro_station_one_locator)\npages/base_page.py:23: in click_to_element_with_wait\n    WebDriverWait(self.driver, 10).until(EC.element_to_be_clickable(locator))\n_ _ _ _ _ _ _ _ _ _ _ _ _ _ _ _ _ _ _ _ _ _ _ _ _ _ _ _ _ _ _ _ _ _ _ _ _ _ _ _ _ _ _ _ _ _ _ _ _ _ _ _ _ _ _ _ _ _ _ _ _ _ _ _ _ _ _ _ _ _ _ _ _ _ _ _ _ _ _ _ _ _ _ \n\nself = <selenium.webdriver.support.wait.WebDriverWait (session=\"fd130e2a-770e-4f1e-bce6-3afcd1b663ed\")>\nmethod = <function element_to_be_clickable.<locals>._predicate at 0x1026980e0>, message = ''\n\n    def until(self, method: Callable[[D], Union[Literal[False], T]], message: str = \"\") -> T:\n        \"\"\"Calls the method provided with the driver as an argument until the \\\n        return value does not evaluate to ``False``.\n    \n        :param method: callable(WebDriver)\n        :param message: optional message for :exc:`TimeoutException`\n        :returns: the result of the last call to `method`\n        :raises: :exc:`selenium.common.exceptions.TimeoutException` if timeout occurs\n        \"\"\"\n        screen = None\n        stacktrace = None\n    \n        end_time = time.monotonic() + self._timeout\n        while True:\n            try:\n                value = method(self._driver)\n                if value:\n                    return value\n            except self._ignored_exceptions as exc:\n                screen = getattr(exc, \"screen\", None)\n                stacktrace = getattr(exc, \"stacktrace\", None)\n            time.sleep(self._poll)\n            if time.monotonic() > end_time:\n                break\n>       raise TimeoutException(message, screen, stacktrace)\nE       selenium.common.exceptions.TimeoutException: Message: \nE       Stacktrace:\nE       RemoteError@chrome://remote/content/shared/RemoteError.sys.mjs:8:8\nE       WebDriverError@chrome://remote/content/shared/webdriver/Errors.sys.mjs:191:5\nE       NoSuchElementError@chrome://remote/content/shared/webdriver/Errors.sys.mjs:509:5\nE       dom.find/</<@chrome://remote/content/shared/DOM.sys.mjs:136:16\n\n.venv/lib/python3.12/site-packages/selenium/webdriver/support/wait.py:105: TimeoutException"}, "steps": [{"name": "Соглашаемся с куками", "status": "passed", "parameters": [{"name": "locator", "value": "('class name', 'App_CookieButton__3cvqF')"}], "start": 1710946278204, "stop": 1710946278451}, {"name": "Прокручиваем страницу до элемента", "status": "passed", "parameters": [{"name": "locator", "value": "('class name', 'Home_ThirdPart__LSTEE')"}], "start": 1710946278452, "stop": 1710946278460}, {"name": "Создаем заказ, передаем набор тестовых данных", "status": "broken", "statusDetails": {"message": "selenium.common.exceptions.TimeoutException: Message: \nStacktrace:\nRemoteError@chrome://remote/content/shared/RemoteError.sys.mjs:8:8\nWebDriverError@chrome://remote/content/shared/webdriver/Errors.sys.mjs:191:5\nNoSuchElementError@chrome://remote/content/shared/webdriver/Errors.sys.mjs:509:5\ndom.find/</<@chrome://remote/content/shared/DOM.sys.mjs:136:16\n\n", "trace": "  File \"/Users/kapitoshka/Documents/python_projects/Sprint-6/.venv/lib/python3.12/site-packages/allure_commons/_allure.py\", line 192, in impl\n    return func(*a, **kw)\n           ^^^^^^^^^^^^^^\n  File \"/Users/kapitoshka/Documents/python_projects/Sprint-6/pages/order_page.py\", line 19, in set_order\n    self.click_to_element_with_wait(metro_station_one_locator)\n  File \"/Users/kapitoshka/Documents/python_projects/Sprint-6/pages/base_page.py\", line 23, in click_to_element_with_wait\n    WebDriverWait(self.driver, 10).until(EC.element_to_be_clickable(locator))\n  File \"/Users/kapitoshka/Documents/python_projects/Sprint-6/.venv/lib/python3.12/site-packages/selenium/webdriver/support/wait.py\", line 105, in until\n    raise TimeoutException(message, screen, stacktrace)\n"}, "parameters": [{"name": "personal_info_locator", "value": "('xpath', '//div[contains(text(), \"Для кого самокат\")]')"}, {"name": "name_locator", "value": "('xpath', '//*[@placeholder = \"* Имя\"]')"}, {"name": "name", "value": "'Анатолий'"}, {"name": "last_name_locator", "value": "('xpath', '//*[@placeholder = \"* Фамилия\"]')"}, {"name": "last_name", "value": "'Иванов'"}, {"name": "address_locator", "value": "('xpath', '//*[@placeholder = \"* Адрес: куда привезти заказ\"]')"}, {"name": "address", "value": "'г. Подольск, ул. Цветочная, дом 76'"}, {"name": "metro_station_locator", "value": "('xpath', '//*[@placeholder = \"* Станция метро\"]')"}, {"name": "metro_station_one_locator", "value": "('xpath', '//li[@class=\"select-search__row\" and @role=\"menuitem\" and @data-value=\"7\"]')"}, {"name": "phone_number_locator", "value": "('xpath', '//*[@placeholder = \"* Телефон: на него позвонит курьер\"]')"}, {"name": "phone_number", "value": "'12345678909'"}, {"name": "next_button_locator", "value": "('xpath', '//button[text()=\"Далее\"]')"}, {"name": "rent_info_locator", "value": "('xpath', '//div[text()=\"Про аренду\"]')"}, {"name": "rent_date_locator", "value": "('xpath', '//input[@placeholder = \"* Когда привезти самокат\"]')"}, {"name": "rent_chose_date_locator", "value": "('xpath', '//div[contains(@class, \"react-datepicker__day--today\")]/following::div[contains(@class, \"react-datepicker__day\")][2]')"}, {"name": "rental_period_locator", "value": "('css selector', '.Dropdown-placeholder')"}, {"name": "rental_period_exact_locator", "value": "('xpath', \"//div[@class='Dropdown-option' and text()='трое суток']\")"}, {"name": "scooter_colour_locator", "value": "('id', 'black')"}, {"name": "comment_locator", "value": "('xpath', '//*[@placeholder = \"Комментарий для курьера\"]')"}, {"name": "comment", "value": "'Позвоните за полчаса'"}, {"name": "order_button_fin_locator", "value": "('xpath', '//button[@class = \"Button_Button__ra12g Button_Middle__1CSJM\" and text() = \"Заказать\"]')"}, {"name": "confirmation_form_locator", "value": "('xpath', '//div[text()=\"Хотите оформить заказ?\"]')"}, {"name": "confirm_button_locator", "value": "('xpath', '//button[contains(@class, \"Button_Middle__1CSJM\") and text() = \"Да\"]')"}], "start": 1710946278692, "stop": 1710946289156}], "start": 1710946278203, "stop": 1710946289161, "uuid": "6078628c-10e3-43c0-b14e-c28f66407220", "historyId": "d64232ccea9d473850b501f984918181", "testCaseId": "d64232ccea9d473850b501f984918181", "fullName": "tests.test_order_page.TestOrderPage#test_order_scooter_from_middle_button", "labels": [{"name": "parentSuite", "value": "tests"}, {"name": "suite", "value": "test_order_page"}, {"name": "subSuite", "value": "TestOrderPage"}, {"name": "host", "value": "MacBook-Air-2.local"}, {"name": "thread", "value": "36812-MainThread"}, {"name": "framework", "value": "pytest"}, {"name": "language", "value": "cpython3"}, {"name": "package", "value": "tests.test_order_page"}]}